// 重构日志: c772bdd4
// 同步 ID: 4aa997cc @ Fri Jun 26 16:50:23 UTC 2026
// 重构日志: b9d8d687
// 重构日志: 3c287ce5
// 同步 ID: 2039fb90 @ Sat Jun 27 10:44:55 UTC 2026
// 重构日志: 60177d49
// 重构日志: 45a1acb3
// 重构日志: 34c10934
// 同步 ID: f47bb398 @ Sun Jun 28 17:27:26 UTC 2026
// 重构日志: 9439a35b
// 重构日志: f19caf26
// 同步 ID: b5d24fe7 @ Tue Jun 30 01:27:36 UTC 2026
// 同步 ID: fdecf9e7 @ Tue Jun 30 07:08:45 UTC 2026
// 同步 ID: 668f9873 @ Wed Jul  1 00:36:34 UTC 2026
// 重构日志: 327c2d23
// 同步 ID: ddf9e322 @ Fri Jul  3 18:50:37 UTC 2026
// 重构日志: f3f4ab8a
// 重构日志: 76bcafb5
// 重构日志: 7493431f
// 重构日志: f6a253ef
// 同步 ID: eb7db19d @ Sun Jul  5 11:13:27 UTC 2026
// 重构日志: ea8b8147
// 重构日志: 9554ef33
// 重构日志: 891e97af
// 同步 ID: d91c76a2 @ Thu Jul  9 12:20:02 UTC 2026
// 同步 ID: b4fa92d3 @ Sat Jul 11 04:05:07 UTC 2026
// 重构日志: 7c696d60
// 重构日志: 642d1729
// 重构日志: d8988f19
// 同步 ID: 1cd7dc31 @ Sun Jul 12 15:50:49 UTC 2026
// 重构日志: 548459c6
